2021-12-15 23:37:36 INFO  MainRestController:26 - running test
2021-12-15 23:42:46 INFO  PageTest:26 - running main page test
2021-12-15 23:42:47 INFO  PageTest:30 - running get /users api
2021-12-15 23:45:01 DEBUG MainRestController:33 - getting all users
2021-12-15 23:49:49 DEBUG MainRestController:33 - getting all users
2021-12-15 23:50:01 DEBUG MainRestController:47 - try to login user
2021-12-15 23:50:02 DEBUG MainRestController:33 - getting all users
2021-12-16 10:00:46 INFO  PageTest:26 - running main page test
2021-12-16 10:00:47 INFO  PageTest:30 - running get /users api
2021-12-16 10:00:47 DEBUG MainRestController:33 - getting all users
2021-12-18 20:02:43 DEBUG MainRestController:33 - getting all users
2021-12-18 20:03:20 DEBUG MainRestController:33 - getting all users
2021-12-18 20:03:34 DEBUG MainRestController:47 - try to login user
2021-12-18 20:03:34 DEBUG MainRestController:33 - getting all users
2021-12-18 20:04:15 DEBUG MainRestController:33 - getting all users
2021-12-18 20:04:26 DEBUG MainRestController:47 - try to login user
2021-12-18 20:04:26 DEBUG MainRestController:33 - getting all users
2021-12-18 20:05:28 DEBUG MainRestController:33 - getting all users
2021-12-18 20:07:39 DEBUG MainRestController:33 - getting all users
2021-12-18 20:11:47 DEBUG MainRestController:33 - getting all users
2021-12-18 20:12:10 DEBUG MainRestController:33 - getting all users
2021-12-18 20:12:21 DEBUG MainRestController:47 - try to login user
2021-12-18 20:12:21 DEBUG MainRestController:33 - getting all users
2021-12-18 20:12:45 DEBUG MainRestController:33 - getting all users
2021-12-18 20:12:53 DEBUG MainRestController:47 - try to login user
2021-12-18 20:12:53 DEBUG MainRestController:33 - getting all users
2021-12-18 20:17:15 DEBUG MainRestController:33 - getting all users
2021-12-18 20:17:35 DEBUG MainRestController:33 - getting all users
2021-12-18 20:17:46 DEBUG MainRestController:47 - try to login user
2021-12-18 20:17:46 DEBUG MainRestController:33 - getting all users
2021-12-18 20:18:30 DEBUG MainRestController:33 - getting all users
2021-12-18 20:18:38 DEBUG MainRestController:47 - try to login user
2021-12-18 20:18:38 DEBUG MainRestController:33 - getting all users
2021-12-18 20:19:03 DEBUG MainRestController:33 - getting all users
2021-12-18 20:19:12 DEBUG MainRestController:47 - try to login user
2021-12-18 20:19:12 DEBUG MainRestController:33 - getting all users
2021-12-18 20:19:23 DEBUG MainRestController:33 - getting all users
2021-12-18 20:19:31 DEBUG MainRestController:47 - try to login user
2021-12-18 20:19:31 DEBUG MainRestController:33 - getting all users
2021-12-18 21:35:06 DEBUG MainRestController:33 - getting all users
2021-12-18 21:35:16 DEBUG MainRestController:33 - getting all users
2021-12-18 21:35:27 DEBUG MainRestController:47 - try to login user
2021-12-18 21:35:27 DEBUG MainRestController:33 - getting all users
2021-12-18 21:36:02 DEBUG MainRestController:33 - getting all users
2021-12-18 21:36:11 DEBUG MainRestController:47 - try to login user
2021-12-18 21:36:11 DEBUG MainRestController:33 - getting all users
2021-12-18 21:38:09 DEBUG MainRestController:33 - getting all users
2021-12-20 09:46:54 DEBUG MainRestController:33 - getting all users
2021-12-20 09:47:06 DEBUG MainRestController:33 - getting all users
2021-12-20 09:47:22 DEBUG MainRestController:47 - try to login user
2021-12-20 09:47:22 DEBUG MainRestController:33 - getting all users
2021-12-20 09:51:12 DEBUG MainRestController:33 - getting all users
2021-12-20 09:51:26 DEBUG MainRestController:47 - try to login user
2021-12-20 09:51:26 DEBUG MainRestController:33 - getting all users
2021-12-20 09:55:40 DEBUG MainRestController:33 - getting all users
2021-12-20 09:55:54 DEBUG MainRestController:47 - try to login user
2021-12-20 09:55:55 DEBUG MainRestController:33 - getting all users
2021-12-20 09:59:14 DEBUG MainRestController:33 - getting all users
2021-12-20 09:59:24 DEBUG MainRestController:47 - try to login user
2021-12-20 09:59:24 DEBUG MainRestController:33 - getting all users
2021-12-20 18:47:06 DEBUG MainRestController:32 - getting all users
2021-12-20 18:47:17 DEBUG MainRestController:32 - getting all users
2021-12-21 08:35:58 DEBUG MainRestController:32 - getting all users
2021-12-21 08:36:29 DEBUG MainRestController:46 - try to login user
2021-12-21 08:36:29 DEBUG MainRestController:32 - getting all users
2021-12-21 08:39:00 DEBUG MainRestController:32 - getting all users
2021-12-21 08:39:45 DEBUG MainRestController:32 - getting all users
2021-12-21 08:40:16 DEBUG MainRestController:32 - getting all users
2021-12-21 08:40:30 DEBUG MainRestController:46 - try to login user
2021-12-21 08:40:31 DEBUG MainRestController:32 - getting all users
2021-12-21 08:42:48 DEBUG MainRestController:32 - getting all users
2021-12-21 08:42:56 DEBUG MainRestController:46 - try to login user
2021-12-21 08:42:56 DEBUG MainRestController:32 - getting all users
2021-12-21 08:43:26 DEBUG MainRestController:32 - getting all users
2021-12-21 08:43:27 DEBUG MainRestController:32 - getting all users
2021-12-21 08:43:27 DEBUG MainRestController:32 - getting all users
2021-12-21 08:43:31 DEBUG MainRestController:32 - getting all users
2021-12-21 08:43:33 DEBUG MainRestController:32 - getting all users
2021-12-21 08:43:33 DEBUG MainRestController:32 - getting all users
2021-12-21 18:03:32 INFO  PageTest:25 - running main page test
2021-12-21 18:03:32 INFO  PageTest:29 - running get /users api
2021-12-21 18:03:33 DEBUG MainRestController:32 - getting all users
2021-12-21 18:12:46 DEBUG MainRestController:32 - getting all users
2021-12-21 18:12:55 DEBUG MainRestController:32 - getting all users
2021-12-21 18:13:17 DEBUG MainRestController:70 - try to register user
2021-12-21 18:13:23 DEBUG MainRestController:70 - try to register user
2021-12-21 18:13:24 DEBUG MainRestController:32 - getting all users
2021-12-21 18:13:31 DEBUG MainRestController:46 - try to login user
2021-12-21 18:13:32 DEBUG MainRestController:32 - getting all users
2021-12-21 18:13:59 DEBUG MainRestController:32 - getting all users
2021-12-21 18:14:06 DEBUG MainRestController:46 - try to login user
2021-12-21 18:14:06 DEBUG MainRestController:32 - getting all users
2021-12-26 17:30:17 INFO  PageTest:25 - running main page test
2021-12-26 17:30:17 INFO  PageTest:29 - running get /users api
2021-12-26 17:30:17 DEBUG MainRestController:32 - getting all users
2021-12-26 17:36:47 INFO  PageTest:25 - running main page test
2021-12-26 17:36:48 INFO  PageTest:29 - running get /users api
2021-12-26 17:36:48 DEBUG MainRestController:32 - getting all users
2021-12-26 17:37:53 DEBUG MainRestController:32 - getting all users
2021-12-26 17:38:02 DEBUG MainRestController:46 - try to login user
2021-12-26 17:38:02 ERROR MainRestController:61 - error login
2021-12-26 17:38:05 DEBUG MainRestController:46 - try to login user
2021-12-26 17:38:05 DEBUG MainRestController:32 - getting all users
2021-12-26 17:38:20 DEBUG MainRestController:32 - getting all users
2021-12-26 17:46:14 DEBUG MainRestController:32 - getting all users
2021-12-26 17:48:10 DEBUG MainRestController:32 - getting all users
2021-12-27 23:43:34 DEBUG MainRestController:32 - getting all users
2021-12-27 23:52:56 DEBUG MainRestController:32 - getting all users
2021-12-27 23:53:03 DEBUG MainRestController:46 - try to login user
2021-12-27 23:53:03 DEBUG MainRestController:32 - getting all users
2021-12-27 23:55:39 DEBUG MainRestController:32 - getting all users
2021-12-27 23:56:10 DEBUG MainRestController:32 - getting all users
2021-12-27 23:56:14 DEBUG MainRestController:46 - try to login user
2021-12-27 23:56:14 DEBUG MainRestController:32 - getting all users
2021-12-27 23:56:53 DEBUG MainRestController:32 - getting all users
2021-12-27 23:56:58 DEBUG MainRestController:46 - try to login user
2021-12-27 23:56:58 DEBUG MainRestController:32 - getting all users
2021-12-27 23:57:20 DEBUG MainRestController:32 - getting all users
2021-12-27 23:57:24 DEBUG MainRestController:46 - try to login user
2021-12-27 23:57:25 DEBUG MainRestController:32 - getting all users
2021-12-27 23:58:12 DEBUG MainRestController:32 - getting all users
2021-12-27 23:58:17 DEBUG MainRestController:46 - try to login user
2021-12-27 23:58:18 DEBUG MainRestController:32 - getting all users
2021-12-27 23:58:22 DEBUG MainRestController:32 - getting all users
2021-12-27 23:58:28 DEBUG MainRestController:46 - try to login user
2021-12-27 23:58:28 DEBUG MainRestController:32 - getting all users
2021-12-27 23:58:38 DEBUG MainRestController:32 - getting all users
2021-12-27 23:58:43 DEBUG MainRestController:46 - try to login user
2021-12-27 23:58:43 DEBUG MainRestController:32 - getting all users
2021-12-27 23:58:57 DEBUG MainRestController:32 - getting all users
2021-12-27 23:59:03 DEBUG MainRestController:46 - try to login user
2021-12-27 23:59:03 DEBUG MainRestController:32 - getting all users
2021-12-27 23:59:06 DEBUG MainRestController:32 - getting all users
2021-12-27 23:59:12 DEBUG MainRestController:46 - try to login user
2021-12-27 23:59:12 DEBUG MainRestController:32 - getting all users
2021-12-27 23:59:24 DEBUG MainRestController:32 - getting all users
2021-12-28 00:01:29 DEBUG MainRestController:32 - getting all users
2021-12-28 00:01:44 DEBUG MainRestController:32 - getting all users
2021-12-28 00:01:49 DEBUG MainRestController:46 - try to login user
2021-12-28 00:01:49 DEBUG MainRestController:32 - getting all users
2021-12-28 00:02:50 DEBUG MainRestController:32 - getting all users
2021-12-28 00:03:13 DEBUG MainRestController:32 - getting all users
2021-12-28 00:03:18 DEBUG MainRestController:46 - try to login user
2021-12-28 00:03:18 DEBUG MainRestController:32 - getting all users
2021-12-28 00:09:54 DEBUG MainRestController:32 - getting all users
2021-12-28 12:39:07 INFO  PageTest:25 - running main page test
2021-12-28 12:39:08 INFO  PageTest:29 - running get /users api
2021-12-28 12:39:08 DEBUG MainRestController:32 - getting all users
2021-12-28 12:39:45 DEBUG MainRestController:32 - getting all users
2021-12-28 15:14:14 DEBUG MainRestController:32 - getting all users
2021-12-28 15:14:16 DEBUG MainRestController:32 - getting all users
2021-12-28 15:15:30 INFO  PageTest:29 - running get /users api
2021-12-28 15:15:31 DEBUG MainRestController:32 - getting all users
2021-12-28 15:16:22 INFO  PageTest:29 - running get /users api
2021-12-28 15:16:22 DEBUG MainRestController:32 - getting all users
2021-12-28 15:17:42 DEBUG MainRestController:46 - try to login user
2021-12-28 15:17:43 DEBUG MainRestController:32 - getting all users
2021-12-28 15:33:39 DEBUG MainRestController:32 - getting all users
2021-12-28 15:33:39 DEBUG MainRestController:32 - getting all users
2021-12-28 15:33:52 DEBUG MainRestController:32 - getting all users
2021-12-28 15:34:36 DEBUG MainRestController:46 - try to login user
2021-12-28 15:34:36 DEBUG MainRestController:32 - getting all users
2021-12-28 15:34:59 DEBUG MainRestController:32 - getting all users
2021-12-28 15:35:11 DEBUG MainRestController:70 - try to register user
2021-12-28 15:35:11 DEBUG MainRestController:32 - getting all users
2021-12-28 15:35:18 DEBUG MainRestController:46 - try to login user
2021-12-28 15:35:18 DEBUG MainRestController:32 - getting all users
2021-12-28 18:31:18 DEBUG MainRestController:32 - getting all users
2021-12-28 18:31:25 DEBUG MainRestController:32 - getting all users
2021-12-28 18:31:30 DEBUG MainRestController:46 - try to login user
2021-12-28 18:31:30 DEBUG MainRestController:32 - getting all users
2021-12-28 19:07:42 DEBUG MainRestController:32 - getting all users
2021-12-28 19:10:23 DEBUG MainRestController:32 - getting all users
2021-12-28 19:45:36 DEBUG MainRestController:40 - getting all users
2021-12-28 19:45:43 DEBUG MainRestController:40 - getting all users
2021-12-28 19:45:53 DEBUG MainRestController:78 - try to register user
2021-12-28 19:46:00 DEBUG MainRestController:78 - try to register user
2021-12-28 19:46:02 DEBUG MainRestController:78 - try to register user
2021-12-28 19:46:02 DEBUG MainRestController:78 - try to register user
2021-12-28 19:46:06 DEBUG MainRestController:40 - getting all users
2021-12-28 19:46:10 DEBUG MainRestController:40 - getting all users
2021-12-28 19:46:19 DEBUG MainRestController:78 - try to register user
2021-12-28 19:46:19 DEBUG MainRestController:78 - try to register user
2021-12-28 19:46:19 DEBUG MainRestController:78 - try to register user
2021-12-28 19:54:34 DEBUG MainRestController:78 - try to register user
2021-12-28 19:54:38 DEBUG MainRestController:40 - getting all users
2021-12-28 19:55:31 DEBUG MainRestController:40 - getting all users
2021-12-28 19:55:38 DEBUG MainRestController:40 - getting all users
2021-12-28 19:55:39 DEBUG MainRestController:40 - getting all users
2021-12-28 19:55:42 DEBUG MainRestController:40 - getting all users
2021-12-28 19:55:44 DEBUG MainRestController:40 - getting all users
2021-12-28 19:55:44 DEBUG MainRestController:40 - getting all users
2021-12-28 19:55:45 DEBUG MainRestController:40 - getting all users
2021-12-28 19:55:45 DEBUG MainRestController:40 - getting all users
2021-12-28 19:56:15 DEBUG MainRestController:40 - getting all users
2021-12-28 19:56:19 DEBUG MainRestController:40 - getting all users
2021-12-28 19:56:39 DEBUG MainRestController:40 - getting all users
2021-12-28 19:56:42 DEBUG MainRestController:40 - getting all users
2021-12-28 19:58:31 DEBUG MainRestController:40 - getting all users
2021-12-28 20:02:51 DEBUG MainRestController:37 - getting all users
2021-12-28 20:02:54 DEBUG MainRestController:37 - getting all users
2021-12-28 20:04:09 DEBUG MainRestController:37 - getting all users
2021-12-28 20:53:50 DEBUG MainRestController:37 - getting all users
2021-12-28 20:53:50 ERROR MainRestController:41 - error get all users
2021-12-28 20:53:55 DEBUG MainRestController:51 - try to login user
2021-12-28 20:54:12 DEBUG MainRestController:51 - try to login user
2021-12-28 20:54:12 ERROR MainRestController:66 - error login
2021-12-28 20:54:15 DEBUG MainRestController:51 - try to login user
2021-12-28 20:54:15 ERROR MainRestController:66 - error login
2021-12-28 20:54:15 DEBUG MainRestController:51 - try to login user
2021-12-28 20:54:15 ERROR MainRestController:66 - error login
2021-12-28 20:54:16 DEBUG MainRestController:37 - getting all users
2021-12-28 20:54:16 ERROR MainRestController:41 - error get all users
2021-12-28 20:54:21 DEBUG MainRestController:51 - try to login user
2021-12-28 20:54:22 DEBUG MainRestController:37 - getting all users
2021-12-28 20:54:22 ERROR MainRestController:41 - error get all users
2021-12-28 20:55:35 DEBUG MainRestController:37 - getting all users
2021-12-28 20:55:45 DEBUG MainRestController:75 - try to register user
2021-12-28 20:55:45 DEBUG MainRestController:37 - getting all users
2021-12-28 20:55:47 DEBUG MainRestController:37 - getting all users
2021-12-28 20:56:35 DEBUG MainRestController:37 - getting all users
2021-12-28 20:56:35 ERROR MainRestController:41 - error get all users
2021-12-28 20:56:40 DEBUG MainRestController:51 - try to login user
2021-12-28 20:56:44 DEBUG MainRestController:51 - try to login user
2021-12-28 20:56:44 DEBUG MainRestController:51 - try to login user
2021-12-28 20:59:27 DEBUG MainRestController:37 - getting all users
2021-12-28 20:59:27 ERROR MainRestController:41 - error get all users
2021-12-28 20:59:28 DEBUG MainRestController:37 - getting all users
2021-12-28 20:59:28 ERROR MainRestController:41 - error get all users
2021-12-28 20:59:28 DEBUG MainRestController:37 - getting all users
2021-12-28 20:59:28 ERROR MainRestController:41 - error get all users
2021-12-28 20:59:28 DEBUG MainRestController:37 - getting all users
2021-12-28 20:59:28 ERROR MainRestController:41 - error get all users
2021-12-28 20:59:33 DEBUG MainRestController:75 - try to register user
2021-12-28 20:59:33 DEBUG MainRestController:37 - getting all users
2021-12-28 20:59:33 ERROR MainRestController:41 - error get all users
2021-12-28 20:59:37 DEBUG MainRestController:51 - try to login user
2021-12-28 20:59:40 DEBUG MainRestController:51 - try to login user
2021-12-28 20:59:41 DEBUG MainRestController:51 - try to login user
2021-12-28 21:08:19 DEBUG MainRestController:32 - getting all users
2021-12-28 21:08:19 ERROR MainRestController:36 - error get all users
2021-12-28 21:08:24 DEBUG MainRestController:46 - try to login user
2021-12-28 21:08:25 DEBUG MainRestController:46 - try to login user
2021-12-28 21:08:26 DEBUG MainRestController:32 - getting all users
2021-12-28 21:08:26 ERROR MainRestController:36 - error get all users
2021-12-28 21:08:32 DEBUG MainRestController:70 - try to register user
2021-12-28 21:08:39 DEBUG MainRestController:70 - try to register user
2021-12-28 21:08:39 DEBUG MainRestController:32 - getting all users
2021-12-28 21:08:39 ERROR MainRestController:36 - error get all users
2021-12-28 21:08:49 DEBUG MainRestController:46 - try to login user
2021-12-28 21:11:45 DEBUG MainRestController:32 - getting all users
2021-12-28 21:11:45 ERROR MainRestController:36 - error get all users
2021-12-28 21:11:51 DEBUG MainRestController:46 - try to login user
2021-12-28 21:12:42 DEBUG MainRestController:32 - getting all users
2021-12-28 21:12:42 ERROR MainRestController:36 - error get all users
2021-12-28 21:12:49 DEBUG MainRestController:46 - try to login user
2021-12-28 21:12:50 DEBUG MainRestController:46 - try to login user
2021-12-28 21:12:50 DEBUG MainRestController:46 - try to login user
2021-12-28 21:12:50 DEBUG MainRestController:46 - try to login user
2021-12-28 21:39:19 DEBUG MainRestController:37 - getting all users
2021-12-28 21:39:23 DEBUG MainRestController:37 - getting all users
2021-12-28 21:39:28 DEBUG MainRestController:51 - try to login user
2021-12-28 21:39:28 DEBUG MainRestController:37 - getting all users
2021-12-28 21:39:30 DEBUG MainRestController:37 - getting all users
2021-12-28 21:39:35 DEBUG MainRestController:75 - try to register user
2021-12-28 21:39:37 DEBUG MainRestController:75 - try to register user
2021-12-28 21:40:51 DEBUG MainRestController:37 - getting all users
2021-12-28 21:41:31 DEBUG MainRestController:37 - getting all users
2021-12-28 21:41:37 DEBUG MainRestController:75 - try to register user
2021-12-28 21:41:38 DEBUG MainRestController:37 - getting all users
2021-12-28 21:41:45 DEBUG MainRestController:37 - getting all users
2021-12-28 21:41:50 DEBUG MainRestController:75 - try to register user
2021-12-28 21:41:50 DEBUG MainRestController:37 - getting all users
2021-12-28 21:41:54 DEBUG MainRestController:51 - try to login user
2021-12-28 21:41:54 DEBUG MainRestController:37 - getting all users
